<?xml version="1.0" encoding="UTF-8"?>
<!-- Generated by org.testng.reporters.JUnitReportReporter -->
<testsuite hostname="2a611b6d05f454c" failures="0" tests="8" name="Openkart_demo.Openkart_test" time="66.631" errors="0" timestamp="2026-06-09T17:12:20 IST" skipped="0">
  <testcase classname="Openkart_demo.Openkart_test" name="Registration" time="10.836"/>
  <testcase classname="Openkart_demo.Openkart_test" name="Login" time="9.863"/>
  <testcase classname="Openkart_demo.Openkart_test" name="Search" time="11.446"/>
  <testcase classname="Openkart_demo.Openkart_test" name="Add_to_cart" time="6.637"/>
  <testcase classname="Openkart_demo.Openkart_test" name="checkout" time="2.519"/>
  <testcase classname="Openkart_demo.Openkart_test" name="Remove_from_cart" time="3.599"/>
  <testcase classname="Openkart_demo.Openkart_test" name="Order_confirmation" time="19.192"/>
  <testcase classname="Openkart_demo.Openkart_test" name="Log_out" time="2.539"/>
</testsuite> <!-- Openkart_demo.Openkart_test -->
