<?xml version="1.0" encoding="UTF-8"?>
<!-- Generated by org.testng.reporters.JUnitXMLReporter -->
<testsuite ignored="7" hostname="2a611b6d05f454c" failures="0" tests="1" name="Default test" time="13.156" errors="0" timestamp="2026-06-09T16:38:02 IST">
  <testcase classname="Openkart_demo.Openkart_test" name="Login" time="10.002"/>
  <testcase classname="Openkart_demo.Openkart_test" name="Add_to_cart" time="0.0">
    <ignored/>
  </testcase> <!-- Add_to_cart -->
  <testcase classname="Openkart_demo.Openkart_test" name="Remove_from_cart" time="0.0">
    <ignored/>
  </testcase> <!-- Remove_from_cart -->
  <testcase classname="Openkart_demo.Openkart_test" name="checkout" time="0.0">
    <ignored/>
  </testcase> <!-- checkout -->
  <testcase classname="Openkart_demo.Openkart_test" name="Log_out" time="0.0">
    <ignored/>
  </testcase> <!-- Log_out -->
  <testcase classname="Openkart_demo.Openkart_test" name="Search" time="0.0">
    <ignored/>
  </testcase> <!-- Search -->
  <testcase classname="Openkart_demo.Openkart_test" name="Order_confirmation" time="0.0">
    <ignored/>
  </testcase> <!-- Order_confirmation -->
  <testcase classname="Openkart_demo.Openkart_test" name="Registration" time="0.0">
    <ignored/>
  </testcase> <!-- Registration -->
</testsuite> <!-- Default test -->
