<?xml version="1.0" encoding="UTF-8"?>
<testng-results ignored="0" total="8" passed="7" failed="1" skipped="0">
  <reporter-output>
  </reporter-output>
  <suite started-at="2026-06-09T16:57:41 IST" name="Default suite" finished-at="2026-06-09T16:58:35 IST" duration-ms="54022">
    <groups>
    </groups>
    <test started-at="2026-06-09T16:57:41 IST" name="Default test" finished-at="2026-06-09T16:58:35 IST" duration-ms="54022">
      <class name="Openkart_demo.Openkart_test">
        <test-method is-config="true" signature="beforeTest()[pri:0, instance:Openkart_demo.Openkart_test@77c2494c]" started-at="2026-06-09T16:57:41 IST" name="beforeTest" finished-at="2026-06-09T16:57:44 IST" duration-ms="3350" status="PASS">
          <reporter-output>
          </reporter-output>
        </test-method> <!-- beforeTest -->
        <test-method signature="Registration()[pri:1, instance:Openkart_demo.Openkart_test@77c2494c]" started-at="2026-06-09T16:57:44 IST" name="Registration" finished-at="2026-06-09T16:57:56 IST" duration-ms="11752" status="PASS">
          <reporter-output>
          </reporter-output>
        </test-method> <!-- Registration -->
        <test-method signature="Login()[pri:2, instance:Openkart_demo.Openkart_test@77c2494c]" started-at="2026-06-09T16:57:56 IST" name="Login" finished-at="2026-06-09T16:58:06 IST" duration-ms="10428" status="PASS">
          <reporter-output>
          </reporter-output>
        </test-method> <!-- Login -->
        <test-method signature="Search()[pri:3, instance:Openkart_demo.Openkart_test@77c2494c]" started-at="2026-06-09T16:58:06 IST" name="Search" finished-at="2026-06-09T16:58:18 IST" duration-ms="11637" status="PASS">
          <reporter-output>
          </reporter-output>
        </test-method> <!-- Search -->
        <test-method signature="Add_to_cart()[pri:4, instance:Openkart_demo.Openkart_test@77c2494c]" started-at="2026-06-09T16:58:18 IST" name="Add_to_cart" finished-at="2026-06-09T16:58:24 IST" duration-ms="6687" status="PASS">
          <reporter-output>
          </reporter-output>
        </test-method> <!-- Add_to_cart -->
        <test-method signature="checkout()[pri:5, instance:Openkart_demo.Openkart_test@77c2494c]" started-at="2026-06-09T16:58:24 IST" name="checkout" finished-at="2026-06-09T16:58:27 IST" duration-ms="2514" status="PASS">
          <reporter-output>
          </reporter-output>
        </test-method> <!-- checkout -->
        <test-method signature="Remove_from_cart()[pri:6, instance:Openkart_demo.Openkart_test@77c2494c]" started-at="2026-06-09T16:58:27 IST" name="Remove_from_cart" finished-at="2026-06-09T16:58:30 IST" duration-ms="3419" status="PASS">
          <reporter-output>
          </reporter-output>
        </test-method> <!-- Remove_from_cart -->
        <test-method signature="Order_confirmation()[pri:7, instance:Openkart_demo.Openkart_test@77c2494c]" started-at="2026-06-09T16:58:30 IST" name="Order_confirmation" finished-at="2026-06-09T16:58:31 IST" duration-ms="255" status="FAIL">
          <exception class="org.openqa.selenium.ElementNotInteractableException">
            <message>
              <![CDATA[element not interactable
  (Session info: MicrosoftEdge=149.0.4022.52)
Build info: version: '4.44.0', revision: 'da2039b'
System info: os.name: 'Windows 10', os.arch: 'amd64', os.version: '10.0', java.version: '21.0.9'
Driver info: org.openqa.selenium.edge.EdgeDriver
Command: [a398ae3a08f9fed275db0e4c8d77ff68, sendKeysToElement {id=f.2D6BB8F9DAD65B4283F8531E6576470F.d.80E1AD0AD0C70913FCA0B9FE1263A549.e.327, value=[Ljava.lang.CharSequence;@3a0807b7}]
Capabilities {acceptInsecureCerts: false, browserName: MicrosoftEdge, browserVersion: 149.0.4022.52, fedcm:accounts: true, goog:processID: 13404, ms:edgeOptions: {debuggerAddress: localhost:57718}, msedge: {msedgedriverVersion: 149.0.4022.52 (ebf9b65f6b0d..., userDataDir: C:\Windows\SystemTemp\scope...}, networkConnectionEnabled: false, pageLoadStrategy: normal, platformName: windows, proxy: Proxy(), se:cdp: ws://localhost:57718/devtoo..., se:cdpVersion: 149.0.4022.52, setWindowRect: true, strictFileInteractability: false, timeouts: {implicit: 0, pageLoad: 300000, script: 30000}, unhandledPromptBehavior: dismiss and notify, webauthn:extension:credBlob: true, webauthn:extension:largeBlob: true, webauthn:extension:minPinLength: true, webauthn:extension:prf: true, webauthn:virtualAuthenticators: true}
Element: [[EdgeDriver: MicrosoftEdge on windows (a398ae3a08f9fed275db0e4c8d77ff68)] -> xpath: //*[@id="search"]/input]
Session ID: a398ae3a08f9fed275db0e4c8d77ff68]]>
            </message>
            <full-stacktrace>
              <![CDATA[org.openqa.selenium.ElementNotInteractableException: element not interactable
  (Session info: MicrosoftEdge=149.0.4022.52)
Build info: version: '4.44.0', revision: 'da2039b'
System info: os.name: 'Windows 10', os.arch: 'amd64', os.version: '10.0', java.version: '21.0.9'
Driver info: org.openqa.selenium.edge.EdgeDriver
Command: [a398ae3a08f9fed275db0e4c8d77ff68, sendKeysToElement {id=f.2D6BB8F9DAD65B4283F8531E6576470F.d.80E1AD0AD0C70913FCA0B9FE1263A549.e.327, value=[Ljava.lang.CharSequence;@3a0807b7}]
Capabilities {acceptInsecureCerts: false, browserName: MicrosoftEdge, browserVersion: 149.0.4022.52, fedcm:accounts: true, goog:processID: 13404, ms:edgeOptions: {debuggerAddress: localhost:57718}, msedge: {msedgedriverVersion: 149.0.4022.52 (ebf9b65f6b0d..., userDataDir: C:\Windows\SystemTemp\scope...}, networkConnectionEnabled: false, pageLoadStrategy: normal, platformName: windows, proxy: Proxy(), se:cdp: ws://localhost:57718/devtoo..., se:cdpVersion: 149.0.4022.52, setWindowRect: true, strictFileInteractability: false, timeouts: {implicit: 0, pageLoad: 300000, script: 30000}, unhandledPromptBehavior: dismiss and notify, webauthn:extension:credBlob: true, webauthn:extension:largeBlob: true, webauthn:extension:minPinLength: true, webauthn:extension:prf: true, webauthn:virtualAuthenticators: true}
Element: [[EdgeDriver: MicrosoftEdge on windows (a398ae3a08f9fed275db0e4c8d77ff68)] -> xpath: //*[@id="search"]/input]
Session ID: a398ae3a08f9fed275db0e4c8d77ff68
at org.openqa.selenium.remote.ErrorCodec.decode(ErrorCodec.java:169)
at org.openqa.selenium.remote.codec.w3c.W3CHttpResponseCodec.decode(W3CHttpResponseCodec.java:143)
at org.openqa.selenium.remote.codec.w3c.W3CHttpResponseCodec.decode(W3CHttpResponseCodec.java:50)
at org.openqa.selenium.remote.HttpCommandExecutor.execute(HttpCommandExecutor.java:224)
at org.openqa.selenium.remote.service.DriverCommandExecutor.invokeExecute(DriverCommandExecutor.java:217)
at org.openqa.selenium.remote.service.DriverCommandExecutor.execute(DriverCommandExecutor.java:175)
at org.openqa.selenium.remote.RemoteWebDriver.execute(RemoteWebDriver.java:600)
at org.openqa.selenium.remote.RemoteWebElement.execute(RemoteWebElement.java:225)
at org.openqa.selenium.remote.RemoteWebElement.sendKeys(RemoteWebElement.java:112)
at Pages.Openkart_POM.order_confirmation(Openkart_POM.java:140)
at Openkart_demo.Openkart_test.Order_confirmation(Openkart_test.java:80)
at java.base/jdk.internal.reflect.DirectMethodHandleAccessor.invoke(DirectMethodHandleAccessor.java:103)
at java.base/java.lang.reflect.Method.invoke(Method.java:580)
at org.testng.internal.invokers.MethodInvocationHelper.invokeMethod(MethodInvocationHelper.java:141)
at org.testng.internal.invokers.TestInvoker.invokeMethod(TestInvoker.java:687)
at org.testng.internal.invokers.TestInvoker.invokeTestMethod(TestInvoker.java:230)
at org.testng.internal.invokers.MethodRunner.runInSequence(MethodRunner.java:63)
at org.testng.internal.invokers.TestInvoker$MethodInvocationAgent.invoke(TestInvoker.java:995)
at org.testng.internal.invokers.TestInvoker.invokeTestMethods(TestInvoker.java:203)
at org.testng.internal.invokers.TestMethodWorker.invokeTestMethods(TestMethodWorker.java:154)
at org.testng.internal.invokers.TestMethodWorker.run(TestMethodWorker.java:134)
at java.base/java.util.ArrayList.forEach(ArrayList.java:1596)
at org.testng.TestRunner.privateRun(TestRunner.java:741)
at org.testng.TestRunner.run(TestRunner.java:616)
at org.testng.SuiteRunner.runTest(SuiteRunner.java:421)
at org.testng.SuiteRunner.runSequentially(SuiteRunner.java:413)
at org.testng.SuiteRunner.privateRun(SuiteRunner.java:373)
at org.testng.SuiteRunner.run(SuiteRunner.java:312)
at org.testng.SuiteRunnerWorker.runSuite(SuiteRunnerWorker.java:52)
at org.testng.SuiteRunnerWorker.run(SuiteRunnerWorker.java:95)
at org.testng.TestNG.runSuitesSequentially(TestNG.java:1274)
at org.testng.TestNG.runSuitesLocally(TestNG.java:1208)
at org.testng.TestNG.runSuites(TestNG.java:1112)
at org.testng.TestNG.run(TestNG.java:1079)
at org.testng.remote.AbstractRemoteTestNG.run(AbstractRemoteTestNG.java:115)
at org.testng.remote.RemoteTestNG.initAndRun(RemoteTestNG.java:293)
at org.testng.remote.RemoteTestNG.main(RemoteTestNG.java:91)
]]>
            </full-stacktrace>
          </exception> <!-- org.openqa.selenium.ElementNotInteractableException -->
          <reporter-output>
          </reporter-output>
        </test-method> <!-- Order_confirmation -->
        <test-method signature="Log_out()[pri:8, instance:Openkart_demo.Openkart_test@77c2494c]" started-at="2026-06-09T16:58:31 IST" name="Log_out" finished-at="2026-06-09T16:58:33 IST" duration-ms="2560" status="PASS">
          <reporter-output>
          </reporter-output>
        </test-method> <!-- Log_out -->
        <test-method is-config="true" signature="afterTest()[pri:0, instance:Openkart_demo.Openkart_test@77c2494c]" started-at="2026-06-09T16:58:33 IST" name="afterTest" finished-at="2026-06-09T16:58:35 IST" duration-ms="1306" status="PASS">
          <reporter-output>
          </reporter-output>
        </test-method> <!-- afterTest -->
      </class> <!-- Openkart_demo.Openkart_test -->
    </test> <!-- Default test -->
  </suite> <!-- Default suite -->
</testng-results>
